2019-02-23 20:35:00,056 ------------------------------------- Experiment 1 -------------------------------------
2019-02-23 20:35:00,071 Load initial parameters from data/initial_layers_1.npy
2019-02-23 20:35:00,071 ------------ Train BPNN with mini batch ------------
2019-02-23 20:35:00,071 Initial weights: FC [-0.1, 0.1], Mapping [-0.1, 0.1]
2019-02-23 20:35:00,071 Initial bias: FC 0
2019-02-23 20:35:00,071 Batch size: 10
2019-02-23 20:35:00,071 Learning rate: 0.01
2019-02-23 20:35:02,037 Epoch [0] Iteration [600]: loss = 0.15443463979495925 accuracy = 1.0
2019-02-23 20:35:03,987 Epoch [0] Iteration [1200]: loss = 0.4328508327736745 accuracy = 0.8
2019-02-23 20:35:05,952 Epoch [0] Iteration [1800]: loss = 0.15101493783130499 accuracy = 0.9
2019-02-23 20:35:07,934 Epoch [0] Iteration [2400]: loss = 0.24858073113430995 accuracy = 0.9
2019-02-23 20:35:09,884 Epoch [0] Iteration [3000]: loss = 0.35604357186070157 accuracy = 0.9
2019-02-23 20:35:11,974 Epoch [0] Iteration [3600]: loss = 0.3297469548996211 accuracy = 0.9
2019-02-23 20:35:13,971 Epoch [0] Iteration [4200]: loss = 0.8572884196837727 accuracy = 0.7
2019-02-23 20:35:15,921 Epoch [0] Iteration [4800]: loss = 0.05386324853805484 accuracy = 1.0
2019-02-23 20:35:17,933 Epoch [0] Iteration [5400]: loss = 0.46020782175350883 accuracy = 0.8
2019-02-23 20:35:19,899 Epoch [0] Iteration [6000]: loss = 0.02412454796286077 accuracy = 1.0
2019-02-23 20:35:20,211 Epoch [0] average_loss = 0.34315222383975863 average_accuracy = 0.8973
2019-02-23 20:35:20,211 Epoch [0] train_loss = 0.21432527078306507 train_accuracy = 0.9337
2019-02-23 20:35:20,211 Epoch [0] test_accuracy = 0.9353
2019-02-23 20:35:22,223 Epoch [1] Iteration [600]: loss = 0.042265102569499016 accuracy = 1.0
2019-02-23 20:35:24,220 Epoch [1] Iteration [1200]: loss = 0.10788802068522448 accuracy = 1.0
2019-02-23 20:35:26,217 Epoch [1] Iteration [1800]: loss = 0.01215888636418461 accuracy = 1.0
2019-02-23 20:35:28,198 Epoch [1] Iteration [2400]: loss = 0.17149962541314062 accuracy = 0.9
2019-02-23 20:35:30,133 Epoch [1] Iteration [3000]: loss = 0.242817889945879 accuracy = 0.9
2019-02-23 20:35:32,114 Epoch [1] Iteration [3600]: loss = 0.21948473845198385 accuracy = 0.9
2019-02-23 20:35:34,064 Epoch [1] Iteration [4200]: loss = 0.6234865713380671 accuracy = 0.9
2019-02-23 20:35:36,029 Epoch [1] Iteration [4800]: loss = 0.028117036689481 accuracy = 1.0
2019-02-23 20:35:38,042 Epoch [1] Iteration [5400]: loss = 0.318181846675605 accuracy = 0.9
2019-02-23 20:35:39,976 Epoch [1] Iteration [6000]: loss = 0.012046530271018421 accuracy = 1.0
2019-02-23 20:35:40,273 Epoch [1] average_loss = 0.16255131287436525 average_accuracy = 0.95145
2019-02-23 20:35:40,273 Epoch [1] train_loss = 0.1500579493386363 train_accuracy = 0.9525
2019-02-23 20:35:40,273 Epoch [1] test_accuracy = 0.9534
2019-02-23 20:35:42,176 Epoch [2] Iteration [600]: loss = 0.04681321096589033 accuracy = 1.0
2019-02-23 20:35:44,173 Epoch [2] Iteration [1200]: loss = 0.09067056652841657 accuracy = 1.0
2019-02-23 20:35:46,185 Epoch [2] Iteration [1800]: loss = 0.005266617296378469 accuracy = 1.0
2019-02-23 20:35:48,182 Epoch [2] Iteration [2400]: loss = 0.10509670567572296 accuracy = 0.9
2019-02-23 20:35:50,210 Epoch [2] Iteration [3000]: loss = 0.17090043142137554 accuracy = 0.9
2019-02-23 20:35:52,238 Epoch [2] Iteration [3600]: loss = 0.15400123066155363 accuracy = 0.9
2019-02-23 20:35:54,235 Epoch [2] Iteration [4200]: loss = 0.5058241824008485 accuracy = 0.9
2019-02-23 20:35:56,216 Epoch [2] Iteration [4800]: loss = 0.025218373694977557 accuracy = 1.0
2019-02-23 20:35:58,259 Epoch [2] Iteration [5400]: loss = 0.22119089596868088 accuracy = 0.9
2019-02-23 20:36:00,256 Epoch [2] Iteration [6000]: loss = 0.007897940565896162 accuracy = 1.0
2019-02-23 20:36:00,521 Epoch [2] average_loss = 0.11590520365316559 average_accuracy = 0.9650833333333333
2019-02-23 20:36:00,521 Epoch [2] train_loss = 0.11698859121726952 train_accuracy = 0.9638
2019-02-23 20:36:00,521 Epoch [2] test_accuracy = 0.9613
2019-02-23 20:36:00,521 ------------------------------------- Experiment 2 -------------------------------------
2019-02-23 20:36:01,099 Load initial parameters from data/initial_layers_2.npy
2019-02-23 20:36:01,099 ------------ Train BPNN with mini batch ------------
2019-02-23 20:36:01,099 Initial weights: FC [-0.1, 0.1], Mapping [-0.1, 0.1]
2019-02-23 20:36:01,099 Initial bias: FC 0
2019-02-23 20:36:01,099 Batch size: 10
2019-02-23 20:36:01,099 Learning rate: 0.01
2019-02-23 20:36:03,002 Epoch [0] Iteration [600]: loss = 0.1472196748876199 accuracy = 1.0
2019-02-23 20:36:04,983 Epoch [0] Iteration [1200]: loss = 0.5052807405662941 accuracy = 0.8
2019-02-23 20:36:07,011 Epoch [0] Iteration [1800]: loss = 0.18541557388839927 accuracy = 0.9
2019-02-23 20:36:08,930 Epoch [0] Iteration [2400]: loss = 0.2004026553787135 accuracy = 0.9
2019-02-23 20:36:10,895 Epoch [0] Iteration [3000]: loss = 0.4185665548888923 accuracy = 0.9
2019-02-23 20:36:12,908 Epoch [0] Iteration [3600]: loss = 0.2802494718964949 accuracy = 0.9
2019-02-23 20:36:14,873 Epoch [0] Iteration [4200]: loss = 0.5920050766925935 accuracy = 0.8
2019-02-23 20:36:16,792 Epoch [0] Iteration [4800]: loss = 0.051695852704688995 accuracy = 1.0
2019-02-23 20:36:18,742 Epoch [0] Iteration [5400]: loss = 0.590258453674253 accuracy = 0.8
2019-02-23 20:36:20,692 Epoch [0] Iteration [6000]: loss = 0.028214995683650372 accuracy = 1.0
2019-02-23 20:36:20,989 Epoch [0] average_loss = 0.3417767216708786 average_accuracy = 0.8986833333333334
2019-02-23 20:36:20,989 Epoch [0] train_loss = 0.22408386752254733 train_accuracy = 0.9293
2019-02-23 20:36:20,989 Epoch [0] test_accuracy = 0.9339
2019-02-23 20:36:22,939 Epoch [1] Iteration [600]: loss = 0.02317666423825458 accuracy = 1.0
2019-02-23 20:36:24,904 Epoch [1] Iteration [1200]: loss = 0.19338160280592956 accuracy = 0.9
2019-02-23 20:36:27,010 Epoch [1] Iteration [1800]: loss = 0.021321454073136646 accuracy = 1.0
2019-02-23 20:36:29,069 Epoch [1] Iteration [2400]: loss = 0.08612439879555277 accuracy = 1.0
2019-02-23 20:36:31,113 Epoch [1] Iteration [3000]: loss = 0.29856708492305456 accuracy = 0.9
2019-02-23 20:36:33,079 Epoch [1] Iteration [3600]: loss = 0.17967882035666913 accuracy = 0.9
2019-02-23 20:36:35,122 Epoch [1] Iteration [4200]: loss = 0.437650212163356 accuracy = 0.9
2019-02-23 20:36:37,135 Epoch [1] Iteration [4800]: loss = 0.023236254505467686 accuracy = 1.0
2019-02-23 20:36:39,100 Epoch [1] Iteration [5400]: loss = 0.3130408533357817 accuracy = 0.9
2019-02-23 20:36:40,988 Epoch [1] Iteration [6000]: loss = 0.015971991971019606 accuracy = 1.0
2019-02-23 20:36:41,315 Epoch [1] average_loss = 0.15992199984078923 average_accuracy = 0.9518833333333334
2019-02-23 20:36:41,315 Epoch [1] train_loss = 0.14674245736605526 train_accuracy = 0.955
2019-02-23 20:36:41,315 Epoch [1] test_accuracy = 0.9553
2019-02-23 20:36:43,312 Epoch [2] Iteration [600]: loss = 0.017530618777606116 accuracy = 1.0
2019-02-23 20:36:45,309 Epoch [2] Iteration [1200]: loss = 0.11826256309466768 accuracy = 0.9
2019-02-23 20:36:47,337 Epoch [2] Iteration [1800]: loss = 0.006641858190854412 accuracy = 1.0
2019-02-23 20:36:49,303 Epoch [2] Iteration [2400]: loss = 0.06231091642979686 accuracy = 1.0
2019-02-23 20:36:51,237 Epoch [2] Iteration [3000]: loss = 0.23270687424606828 accuracy = 0.9
2019-02-23 20:36:53,218 Epoch [2] Iteration [3600]: loss = 0.1360672567673954 accuracy = 0.9
2019-02-23 20:36:55,246 Epoch [2] Iteration [4200]: loss = 0.3771335554699625 accuracy = 0.9
2019-02-23 20:36:57,337 Epoch [2] Iteration [4800]: loss = 0.022295171508755 accuracy = 1.0
2019-02-23 20:36:59,349 Epoch [2] Iteration [5400]: loss = 0.20471091354322293 accuracy = 0.9
2019-02-23 20:37:01,424 Epoch [2] Iteration [6000]: loss = 0.008545838485577422 accuracy = 1.0
2019-02-23 20:37:01,736 Epoch [2] average_loss = 0.11376117703308254 average_accuracy = 0.9656333333333333
2019-02-23 20:37:01,736 Epoch [2] train_loss = 0.11040413985007033 train_accuracy = 0.9643
2019-02-23 20:37:01,736 Epoch [2] test_accuracy = 0.9636
